<?xml version="1.0" encoding="UTF-8"?>
<!-- Generated by org.testng.reporters.JUnitReportReporter -->
<testsuite hostname="LTILBOM20401186" failures="0" tests="4" name="dataDrivenTesting.ExcelOrangeHRM" time="12.969" errors="0" timestamp="2023-01-28T22:42:05 IST" skipped="0">
  <testcase classname="dataDrivenTesting.ExcelOrangeHRM" name="verifyLoginTest" time="3.994"/>
  <system-out/>
  <testcase classname="dataDrivenTesting.ExcelOrangeHRM" name="verifyLoginTest" time="3.401"/>
  <system-out/>
  <testcase classname="dataDrivenTesting.ExcelOrangeHRM" name="verifyLoginTest" time="2.743"/>
  <system-out/>
  <testcase classname="dataDrivenTesting.ExcelOrangeHRM" name="verifyLoginTest" time="2.831"/>
  <system-out/>
</testsuite> <!-- dataDrivenTesting.ExcelOrangeHRM -->
