<?xml version="1.0" encoding="UTF-8"?>
<!-- Generated by org.testng.reporters.JUnitReportReporter -->
<testsuite hostname="LTILBOM20401186" failures="0" tests="5" name="dataDrivenTesting.DataDriven2" time="22.901" errors="0" timestamp="2023-01-28T15:16:55 IST" skipped="0">
  <testcase classname="dataDrivenTesting.DataDriven2" name="verifyLoginTest" time="3.072"/>
  <system-out/>
  <testcase classname="dataDrivenTesting.DataDriven2" name="verifyLoginTest" time="3.060"/>
  <system-out/>
  <testcase classname="dataDrivenTesting.DataDriven2" name="verifyLoginTest" time="3.123"/>
  <system-out/>
  <testcase classname="dataDrivenTesting.DataDriven2" name="verifyLoginTest" time="10.740"/>
  <system-out/>
  <testcase classname="dataDrivenTesting.DataDriven2" name="verifyLoginTest" time="2.906"/>
  <system-out/>
</testsuite> <!-- dataDrivenTesting.DataDriven2 -->
