<?xml version="1.0" encoding="UTF-8"?>
<!-- Generated by org.testng.reporters.JUnitReportReporter -->
<testsuite hostname="LTILBOM20401186" failures="0" tests="6" name="dataDrivenTesting.ExcelBlazeDemoHomePage" time="10.029" errors="0" timestamp="2023-01-29T16:58:39 IST" skipped="0">
  <testcase classname="dataDrivenTesting.ExcelBlazeDemoHomePage" name="verifyLoginTest" time="1.659"/>
  <system-out/>
  <testcase classname="dataDrivenTesting.ExcelBlazeDemoHomePage" name="verifyLoginTest" time="1.569"/>
  <system-out/>
  <testcase classname="dataDrivenTesting.ExcelBlazeDemoHomePage" name="verifyLoginTest" time="1.527"/>
  <system-out/>
  <testcase classname="dataDrivenTesting.ExcelBlazeDemoHomePage" name="verifyLoginTest" time="1.532"/>
  <system-out/>
  <testcase classname="dataDrivenTesting.ExcelBlazeDemoHomePage" name="verifyLoginTest" time="1.467"/>
  <system-out/>
  <testcase classname="dataDrivenTesting.ExcelBlazeDemoHomePage" name="verifyLoginTest" time="2.275"/>
  <system-out/>
</testsuite> <!-- dataDrivenTesting.ExcelBlazeDemoHomePage -->
