<?xml version="1.0" encoding="UTF-8"?>
<!-- Generated by org.testng.reporters.JUnitReportReporter -->
<testsuite hostname="LTILBOM20401186" failures="0" tests="5" name="dataDrivenTesting.DataDrivenTest" time="36.886" errors="0" timestamp="2023-01-28T17:42:02 IST" skipped="0">
  <testcase classname="dataDrivenTesting.DataDrivenTest" name="verifyLoginTest" time="3.484"/>
  <system-out/>
  <testcase classname="dataDrivenTesting.DataDrivenTest" name="verifyLoginTest" time="4.739"/>
  <system-out/>
  <testcase classname="dataDrivenTesting.DataDrivenTest" name="verifyLoginTest" time="21.552"/>
  <system-out/>
  <testcase classname="dataDrivenTesting.DataDrivenTest" name="verifyLoginTest" time="3.713"/>
  <system-out/>
  <testcase classname="dataDrivenTesting.DataDrivenTest" name="verifyLoginTest" time="3.398"/>
  <system-out/>
</testsuite> <!-- dataDrivenTesting.DataDrivenTest -->
