<?xml version="1.0" encoding="UTF-8"?>
<!-- Generated by org.testng.reporters.JUnitReportReporter -->
<testsuite hostname="LTILBOM20401186" failures="0" tests="5" name="dataDrivenTesting.ExcelDataDriven" time="25.259" errors="0" timestamp="2023-01-28T18:51:53 IST" skipped="0">
  <testcase classname="dataDrivenTesting.ExcelDataDriven" name="verifyLoginTest" time="3.707"/>
  <system-out/>
  <testcase classname="dataDrivenTesting.ExcelDataDriven" name="verifyLoginTest" time="3.523"/>
  <system-out/>
  <testcase classname="dataDrivenTesting.ExcelDataDriven" name="verifyLoginTest" time="3.769"/>
  <system-out/>
  <testcase classname="dataDrivenTesting.ExcelDataDriven" name="verifyLoginTest" time="3.263"/>
  <system-out/>
  <testcase classname="dataDrivenTesting.ExcelDataDriven" name="verifyLoginTest" time="10.997"/>
  <system-out/>
</testsuite> <!-- dataDrivenTesting.ExcelDataDriven -->
