<?xml version="1.0" encoding="UTF-8"?>
<!-- Generated by org.testng.reporters.JUnitReportReporter -->
<testsuite hostname="LTILBOM20401186" failures="0" tests="5" name="dataDrivenTesting.DataDriven1" time="0.008" errors="0" timestamp="2023-01-28T15:15:36 IST" skipped="0">
  <testcase classname="dataDrivenTesting.DataDriven1" name="dryRun" time="0.000"/>
  <system-out/>
  <testcase classname="dataDrivenTesting.DataDriven1" name="dryRun" time="0.001"/>
  <system-out/>
  <testcase classname="dataDrivenTesting.DataDriven1" name="dryRun" time="0.001"/>
  <system-out/>
  <testcase classname="dataDrivenTesting.DataDriven1" name="dryRun" time="0.005"/>
  <system-out/>
  <testcase classname="dataDrivenTesting.DataDriven1" name="dryRun" time="0.001"/>
  <system-out/>
</testsuite> <!-- dataDrivenTesting.DataDriven1 -->
